<component name="libraryTable">
  <library name="junit-4.12">
    <CLASSES>
      <root url="jar://$USER_HOME$/Desktop/ThinkDast/code/lib/junit-4.12.jar!/" />
      <root url="jar://$USER_HOME$/Desktop/ThinkDast/code/lib/ant-junit.jar!/" />
      <root url="jar://$USER_HOME$/Desktop/ThinkDast/code/lib/hamcrest-library-1.3.jar!/" />
      <root url="jar://$USER_HOME$/Desktop/ThinkDast/code/lib/hamcrest-core-1.3.jar!/" />
    </CLASSES>
    <JAVADOC />
    <SOURCES />
  </library>
</component>